  stdafx.cpp
D:\Program Files (x86)\Microsoft Visual Studio 14.0\VC\atlmfc\include\afx.h(38): warning C4996: 'MBCS_Support_Deprecated_In_MFC': MBCS support in MFC is deprecated and may be removed in a future version of MFC.
  D:\Program Files (x86)\Microsoft Visual Studio 14.0\VC\atlmfc\include\afx.h(33): note: 参见“MBCS_Support_Deprecated_In_MFC”的声明
  D3DProcessor.cc
D3DProcessor.cc(130): warning C4018: “<”: 有符号/无符号不匹配
  LiveProcessor.cpp
  LiveProcessorDlg.cpp
LiveProcessorDlg.cpp(362): warning C4996: 'sprintf': This function or variable may be unsafe. Consider using sprintf_s instead. To disable deprecation, use _CRT_SECURE_NO_WARNINGS. See online help for details.
  C:\Program Files (x86)\Windows Kits\10\Include\10.0.10240.0\ucrt\stdio.h(1769): note: 参见“sprintf”的声明
LiveProcessorDlg.cpp(386): warning C4996: 'sprintf': This function or variable may be unsafe. Consider using sprintf_s instead. To disable deprecation, use _CRT_SECURE_NO_WARNINGS. See online help for details.
  C:\Program Files (x86)\Windows Kits\10\Include\10.0.10240.0\ucrt\stdio.h(1769): note: 参见“sprintf”的声明
  MyThread.cc
  NoLockCBuffer.cpp
std\NoLockCBuffer.cpp(30): warning C4267: “=”: 从“size_t”转换到“int”，可能丢失数据
    正在创建库 ..\output\LiveProcessor.lib 和对象 ..\output\LiveProcessor.exp
  正在生成代码
  All 320 functions were compiled because no usable IPDB/IOBJ from previous compilation was found.
  已完成代码的生成
  LiveProcessor.vcxproj -> E:\workspace\LiveProcessor\LiveProcessor\..\output\LiveProcessor.exe
  LiveProcessor.vcxproj -> ..\output\LiveProcessor.pdb (Full PDB)
