e:\workspace\liveprocessor\liveprocessor\x64\release\liveprocessor.pch
e:\workspace\liveprocessor\liveprocessor\x64\release\vc140.pdb
e:\workspace\liveprocessor\liveprocessor\x64\release\stdafx.obj
e:\workspace\liveprocessor\liveprocessor\x64\release\nolockcbuffer.obj
e:\workspace\liveprocessor\liveprocessor\x64\release\mythread.obj
e:\workspace\liveprocessor\liveprocessor\x64\release\liveprocessordlg.obj
e:\workspace\liveprocessor\liveprocessor\x64\release\liveprocessor.obj
e:\workspace\liveprocessor\liveprocessor\x64\release\d3dprocessor.obj
e:\workspace\liveprocessor\output\liveprocessor.exe
e:\workspace\liveprocessor\output\liveprocessor.pdb
e:\workspace\liveprocessor\output\liveprocessor.lib
e:\workspace\liveprocessor\output\liveprocessor.exp
e:\workspace\liveprocessor\liveprocessor\x64\release\liveprocessor.res
e:\workspace\liveprocessor\liveprocessor\..\output\liveprocessor.exe
e:\workspace\liveprocessor\liveprocessor\x64\release\liveprocessor.tlog\cl.command.1.tlog
e:\workspace\liveprocessor\liveprocessor\x64\release\liveprocessor.tlog\cl.read.1.tlog
e:\workspace\liveprocessor\liveprocessor\x64\release\liveprocessor.tlog\cl.write.1.tlog
e:\workspace\liveprocessor\liveprocessor\x64\release\liveprocessor.tlog\link.command.1.tlog
e:\workspace\liveprocessor\liveprocessor\x64\release\liveprocessor.tlog\link.read.1.tlog
e:\workspace\liveprocessor\liveprocessor\x64\release\liveprocessor.tlog\link.write.1.tlog
e:\workspace\liveprocessor\liveprocessor\x64\release\liveprocessor.tlog\liveprocessor.write.1u.tlog
e:\workspace\liveprocessor\liveprocessor\x64\release\liveprocessor.tlog\rc.command.1.tlog
e:\workspace\liveprocessor\liveprocessor\x64\release\liveprocessor.tlog\rc.read.1.tlog
e:\workspace\liveprocessor\liveprocessor\x64\release\liveprocessor.tlog\rc.write.1.tlog
