e:\workspace\liveprocessor\liveprocessor\x64\debug\liveprocessor.pch
e:\workspace\liveprocessor\liveprocessor\x64\debug\vc140.pdb
e:\workspace\liveprocessor\liveprocessor\x64\debug\vc140.idb
e:\workspace\liveprocessor\liveprocessor\x64\debug\stdafx.obj
e:\workspace\liveprocessor\liveprocessor\x64\debug\d3dprocessor.obj
e:\workspace\liveprocessor\liveprocessor\x64\debug\mythread.obj
e:\workspace\liveprocessor\liveprocessor\x64\debug\nolockcbuffer.obj
e:\workspace\liveprocessor\liveprocessor\x64\debug\liveprocessordlg.obj
e:\workspace\liveprocessor\liveprocessor\x64\debug\liveprocessor.obj
e:\workspace\liveprocessor\liveprocessor\x64\debug\liveprocessor.res
e:\workspace\liveprocessor\liveprocessor\x64\debug\liveprocessor.tlog\cl.command.1.tlog
e:\workspace\liveprocessor\liveprocessor\x64\debug\liveprocessor.tlog\cl.read.1.tlog
e:\workspace\liveprocessor\liveprocessor\x64\debug\liveprocessor.tlog\cl.write.1.tlog
e:\workspace\liveprocessor\liveprocessor\x64\debug\liveprocessor.tlog\link-cvtres.read.1.tlog
e:\workspace\liveprocessor\liveprocessor\x64\debug\liveprocessor.tlog\link-cvtres.write.1.tlog
e:\workspace\liveprocessor\liveprocessor\x64\debug\liveprocessor.tlog\link-mt.read.1.tlog
e:\workspace\liveprocessor\liveprocessor\x64\debug\liveprocessor.tlog\link-mt.write.1.tlog
e:\workspace\liveprocessor\liveprocessor\x64\debug\liveprocessor.tlog\link-rc.read.1.tlog
e:\workspace\liveprocessor\liveprocessor\x64\debug\liveprocessor.tlog\link-rc.write.1.tlog
e:\workspace\liveprocessor\liveprocessor\x64\debug\liveprocessor.tlog\link.command.1.tlog
e:\workspace\liveprocessor\liveprocessor\x64\debug\liveprocessor.tlog\link.read.1.tlog
e:\workspace\liveprocessor\liveprocessor\x64\debug\liveprocessor.tlog\link.write.1.tlog
e:\workspace\liveprocessor\liveprocessor\x64\debug\liveprocessor.tlog\rc.command.1.tlog
e:\workspace\liveprocessor\liveprocessor\x64\debug\liveprocessor.tlog\rc.read.1.tlog
e:\workspace\liveprocessor\liveprocessor\x64\debug\liveprocessor.tlog\rc.write.1.tlog
